<?xml version="1.0" encoding="UTF-8"?>
<!-- Generated by org.testng.reporters.JUnitReportReporter -->
<testsuite skipped="0" hostname="MOMIN" name="com.make.trip.testcases.VillaPageTest" tests="2" failures="0" timestamp="24 Mar 2020 09:18:31 GMT" time="68.707" errors="0">
  <testcase name="clickVilla" time="0.399" classname="com.make.trip.testcases.VillaPageTest"/>
  <testcase name="fillVillaBookingDetails" time="68.308" classname="com.make.trip.testcases.VillaPageTest"/>
</testsuite> <!-- com.make.trip.testcases.VillaPageTest -->
