<?xml version="1.0" encoding="UTF-8"?>
<!-- Generated by org.testng.reporters.JUnitReportReporter -->
<testsuite skipped="0" hostname="MOMIN" name="com.make.trip.testcases.VisaPageTest" tests="2" failures="0" timestamp="24 Mar 2020 08:36:38 GMT" time="66.347" errors="0">
  <testcase name="clickVisa" time="0.325" classname="com.make.trip.testcases.VisaPageTest"/>
  <testcase name="fillVisaBookingDetails" time="66.022" classname="com.make.trip.testcases.VisaPageTest"/>
</testsuite> <!-- com.make.trip.testcases.VisaPageTest -->
