<?xml version="1.0" encoding="UTF-8"?>
<!-- Generated by org.testng.reporters.JUnitReportReporter -->
<testsuite skipped="0" hostname="MOMIN" name="com.make.trip.testcases.CabPageTest" tests="2" failures="0" timestamp="24 Mar 2020 06:42:19 GMT" time="33.960" errors="0">
  <testcase name="clickCab" time="0.306" classname="com.make.trip.testcases.CabPageTest"/>
  <testcase name="fillCabBookingDetails" time="33.654" classname="com.make.trip.testcases.CabPageTest"/>
</testsuite> <!-- com.make.trip.testcases.CabPageTest -->
