<?xml version="1.0" encoding="UTF-8"?>
<!-- Generated by org.testng.reporters.JUnitReportReporter -->
<testsuite skipped="0" hostname="MOMIN" name="com.make.trip.testcases.HotelPageTest" tests="2" failures="0" timestamp="23 Mar 2020 12:27:10 GMT" time="65.506" errors="0">
  <testcase name="clickHotel" time="0.304" classname="com.make.trip.testcases.HotelPageTest"/>
  <testcase name="fillFlightBookingDetails" time="65.202" classname="com.make.trip.testcases.HotelPageTest"/>
</testsuite> <!-- com.make.trip.testcases.HotelPageTest -->
