<?xml version="1.0" encoding="UTF-8"?>
<!-- Generated by org.testng.reporters.JUnitReportReporter -->
<testsuite skipped="2" hostname="MOMIN" name="com.make.trip.testcases.FlightPageTest1" tests="6" failures="0" timestamp="2020-03-26T14:14:13 IST" time="88.722" errors="0">
  <testcase name="clickFlight" time="8.029" classname="com.make.trip.testcases.FlightPageTest1"/>
  <testcase name="fillFlightBookingDetails" time="46.821" classname="com.make.trip.testcases.FlightPageTest1"/>
  <testcase name="clickFlight" time="0.290" classname="com.make.trip.testcases.FlightPageTest1"/>
  <testcase name="fillFlightBookingDetails" time="33.582" classname="com.make.trip.testcases.FlightPageTest1"/>
  <testcase name="bookFlightDetails" classname="com.make.trip.testcases.FlightPageTest1">
    <skipped/>
  </testcase> <!-- bookFlightDetails -->
  <testcase name="bookFlightDetails" classname="com.make.trip.testcases.FlightPageTest1">
    <skipped/>
  </testcase> <!-- bookFlightDetails -->
</testsuite> <!-- com.make.trip.testcases.FlightPageTest1 -->
