<?xml version="1.0" encoding="UTF-8"?>
<!-- Generated by org.testng.reporters.JUnitReportReporter -->
<testsuite skipped="0" hostname="MOMIN" name="com.make.trip.testcases.BusPageTest" tests="2" failures="0" timestamp="23 Mar 2020 13:25:15 GMT" time="37.073" errors="0">
  <testcase name="clickBus" time="0.525" classname="com.make.trip.testcases.BusPageTest"/>
  <testcase name="fillBusBookingDetails" time="36.548" classname="com.make.trip.testcases.BusPageTest"/>
</testsuite> <!-- com.make.trip.testcases.BusPageTest -->
