<?xml version="1.0" encoding="UTF-8"?>
<!-- Generated by org.testng.reporters.JUnitReportReporter -->
<testsuite skipped="0" hostname="MOMIN" name="com.make.trip.testcases.HolidaysPageTest" tests="2" failures="0" timestamp="23 Mar 2020 12:57:02 GMT" time="13.210" errors="0">
  <testcase name="clickHoliday" time="0.216" classname="com.make.trip.testcases.HolidaysPageTest"/>
  <testcase name="fillHotelBookingDetails" time="12.994" classname="com.make.trip.testcases.HolidaysPageTest"/>
</testsuite> <!-- com.make.trip.testcases.HolidaysPageTest -->
