<?xml version="1.0" encoding="UTF-8"?>
<!-- Generated by org.testng.reporters.JUnitReportReporter -->
<testsuite skipped="0" hostname="MOMIN" name="com.make.trip.testcases.TrainPageTest" tests="2" failures="0" timestamp="24 Mar 2020 06:06:22 GMT" time="48.659" errors="0">
  <testcase name="clickTrain" time="0.338" classname="com.make.trip.testcases.TrainPageTest"/>
  <testcase name="fillTrainBookingDetails" time="48.321" classname="com.make.trip.testcases.TrainPageTest"/>
</testsuite> <!-- com.make.trip.testcases.TrainPageTest -->
